build/app/intermediates/manifest_merge_blame_file/release/manifest-merger-blame-release-report.txt
1<?xml version="1.0" encoding="utf-8"?>
2<manifest xmlns:android="http://schemas.android.com/apk/res/android"
3    package="com.sociodotabuleiro.app"
4    android:versionCode="1"
5    android:versionName="1.0.0" >
6
7    <uses-sdk
8        android:minSdkVersion="23"
8-->src\main\AndroidManifest.xml
9        android:targetSdkVersion="34" />
9-->src\main\AndroidManifest.xml
10
11    <uses-permission android:name="android.permission.INTERNET" />
11-->src\main\AndroidManifest.xml:4:5-66
11-->src\main\AndroidManifest.xml:4:22-64
12    <uses-permission android:name="android.permission.USE_FINGERPRINT" />
12-->src\main\AndroidManifest.xml:6:5-73
12-->src\main\AndroidManifest.xml:6:22-71
13    <uses-permission android:name="android.permission.READ_CALENDAR" />
13-->src\main\AndroidManifest.xml:7:5-72
13-->src\main\AndroidManifest.xml:7:22-69
14    <uses-permission android:name="android.permission.WRITE_CALENDAR" />
14-->src\main\AndroidManifest.xml:8:5-73
14-->src\main\AndroidManifest.xml:8:22-70
15    <uses-permission android:name="android.permission.ACCESS_FINE_LOCATION" />
15-->src\main\AndroidManifest.xml:9:5-78
15-->src\main\AndroidManifest.xml:9:22-76
16    <uses-permission android:name="android.permission.ACCESS_COARSE_LOCATION" />
16-->src\main\AndroidManifest.xml:10:5-80
16-->src\main\AndroidManifest.xml:10:22-78
17    <uses-permission android:name="android.permission.POST_NOTIFICATIONS" />
17-->src\main\AndroidManifest.xml:11:5-76
17-->src\main\AndroidManifest.xml:11:22-74
18    <uses-permission
18-->[:file_picker] AndroidManifest.xml:9:5-11:38
19        android:name="android.permission.READ_EXTERNAL_STORAGE"
19-->[:file_picker] AndroidManifest.xml:10:9-64
20        android:maxSdkVersion="32" />
20-->[:file_picker] AndroidManifest.xml:11:9-35
21
22    <queries>
22-->[:file_picker] AndroidManifest.xml:13:5-19:15
23        <intent>
23-->[:file_picker] AndroidManifest.xml:14:9-18:18
24            <action android:name="android.intent.action.GET_CONTENT" />
24-->[:file_picker] AndroidManifest.xml:15:13-72
24-->[:file_picker] AndroidManifest.xml:15:21-69
25
26            <data android:mimeType="*/*" />
26-->src\main\AndroidManifest.xml:53:17-95
27        </intent>
28    </queries>
29
30    <uses-permission android:name="android.permission.ACCESS_NETWORK_STATE" />
30-->[:firebase_analytics] AndroidManifest.xml:9:5-79
30-->[:firebase_analytics] AndroidManifest.xml:9:22-76
31    <uses-permission android:name="android.permission.WAKE_LOCK" /> <!-- Required by older versions of Google Play services to create IID tokens -->
31-->[:firebase_analytics] AndroidManifest.xml:11:5-68
31-->[:firebase_analytics] AndroidManifest.xml:11:22-65
32    <uses-permission android:name="com.google.android.c2dm.permission.RECEIVE" />
32-->[com.google.firebase:firebase-messaging:24.0.1] AndroidManifest.xml:26:5-82
32-->[com.google.firebase:firebase-messaging:24.0.1] AndroidManifest.xml:26:22-79
33    <uses-permission android:name="com.google.android.gms.permission.AD_ID" />
33-->[com.google.android.gms:play-services-measurement-api:22.1.0] AndroidManifest.xml:25:5-79
33-->[com.google.android.gms:play-services-measurement-api:22.1.0] AndroidManifest.xml:25:22-76
34    <uses-permission android:name="android.permission.ACCESS_ADSERVICES_ATTRIBUTION" />
34-->[com.google.android.gms:play-services-measurement-api:22.1.0] AndroidManifest.xml:26:5-88
34-->[com.google.android.gms:play-services-measurement-api:22.1.0] AndroidManifest.xml:26:22-85
35    <uses-permission android:name="android.permission.ACCESS_ADSERVICES_AD_ID" />
35-->[com.google.android.gms:play-services-measurement-api:22.1.0] AndroidManifest.xml:27:5-82
35-->[com.google.android.gms:play-services-measurement-api:22.1.0] AndroidManifest.xml:27:22-79
36    <uses-permission android:name="com.google.android.finsky.permission.BIND_GET_INSTALL_REFERRER_SERVICE" />
36-->[com.google.android.gms:play-services-measurement:22.1.0] AndroidManifest.xml:26:5-110
36-->[com.google.android.gms:play-services-measurement:22.1.0] AndroidManifest.xml:26:22-107
37    <uses-permission android:name="com.google.android.providers.gsf.permission.READ_GSERVICES" />
37-->[com.google.android.recaptcha:recaptcha:18.4.0] AndroidManifest.xml:9:5-98
37-->[com.google.android.recaptcha:recaptcha:18.4.0] AndroidManifest.xml:9:22-95
38
39    <permission
39-->[androidx.core:core:1.13.1] AndroidManifest.xml:22:5-24:47
40        android:name="com.sociodotabuleiro.app.DYNAMIC_RECEIVER_NOT_EXPORTED_PERMISSION"
40-->[androidx.core:core:1.13.1] AndroidManifest.xml:23:9-81
41        android:protectionLevel="signature" />
41-->[androidx.core:core:1.13.1] AndroidManifest.xml:24:9-44
42
43    <uses-permission android:name="com.sociodotabuleiro.app.DYNAMIC_RECEIVER_NOT_EXPORTED_PERMISSION" />
43-->[androidx.core:core:1.13.1] AndroidManifest.xml:26:5-97
43-->[androidx.core:core:1.13.1] AndroidManifest.xml:26:22-94
44
45    <application
45-->src\main\AndroidManifest.xml:12:5-66:19
46        android:appComponentFactory="androidx.core.app.CoreComponentFactory"
46-->[androidx.core:core:1.13.1] AndroidManifest.xml:28:18-86
47        android:extractNativeLibs="false"
48        android:icon="@mipmap/ic_launcher"
48-->src\main\AndroidManifest.xml:15:9-43
49        android:label="Sócio do Tabuleiro"
49-->src\main\AndroidManifest.xml:13:9-43
50        android:requestLegacyExternalStorage="true" >
50-->src\main\AndroidManifest.xml:16:9-52
51        <activity
51-->src\main\AndroidManifest.xml:18:9-56:20
52            android:name="com.sociodotabuleiro.app.MainActivity"
52-->src\main\AndroidManifest.xml:19:13-41
53            android:configChanges="orientation|keyboardHidden|keyboard|screenSize|smallestScreenSize|locale|layoutDirection|fontScale|screenLayout|density|uiMode"
53-->src\main\AndroidManifest.xml:23:13-163
54            android:exported="true"
54-->src\main\AndroidManifest.xml:20:13-36
55            android:hardwareAccelerated="true"
55-->src\main\AndroidManifest.xml:24:13-47
56            android:launchMode="singleTop"
56-->src\main\AndroidManifest.xml:21:13-43
57            android:theme="@style/LaunchTheme"
57-->src\main\AndroidManifest.xml:22:13-47
58            android:windowSoftInputMode="adjustResize" >
58-->src\main\AndroidManifest.xml:25:13-55
59
60            <!--
61                 Specifies an Android theme to apply to this Activity as soon as
62                 the Android process has started. This theme is visible to the user
63                 while the Flutter UI initializes. After that, this theme continues
64                 to determine the Window background behind the Flutter UI.
65            -->
66            <meta-data
66-->src\main\AndroidManifest.xml:30:13-33:17
67                android:name="io.flutter.embedding.android.NormalTheme"
67-->src\main\AndroidManifest.xml:31:15-70
68                android:resource="@style/NormalTheme" />
68-->src\main\AndroidManifest.xml:32:15-52
69            <!--
70                 Displays an Android View that continues showing the launch screen
71                 Drawable until Flutter paints its first frame, then this splash
72                 screen fades out. A splash screen is useful to avoid any visual
73                 gap between the end of Android's launch screen and the painting of
74                 Flutter's first frame.
75            -->
76            <meta-data
76-->src\main\AndroidManifest.xml:39:13-42:17
77                android:name="io.flutter.embedding.android.SplashScreenDrawable"
77-->src\main\AndroidManifest.xml:40:15-79
78                android:resource="@drawable/launch_background" />
78-->src\main\AndroidManifest.xml:41:15-61
79
80            <intent-filter>
80-->src\main\AndroidManifest.xml:43:13-46:29
81                <action android:name="android.intent.action.MAIN" />
81-->src\main\AndroidManifest.xml:44:17-68
81-->src\main\AndroidManifest.xml:44:25-66
82
83                <category android:name="android.intent.category.LAUNCHER" />
83-->src\main\AndroidManifest.xml:45:17-76
83-->src\main\AndroidManifest.xml:45:27-74
84            </intent-filter>
85            <!-- Deep linking -->
86            <meta-data
86-->src\main\AndroidManifest.xml:48:13-90
87                android:name="flutter_deeplinking_enabled"
87-->src\main\AndroidManifest.xml:48:24-66
88                android:value="true" />
88-->src\main\AndroidManifest.xml:48:67-87
89
90            <intent-filter android:autoVerify="true" >
90-->src\main\AndroidManifest.xml:49:13-54:29
90-->src\main\AndroidManifest.xml:49:28-53
91                <action android:name="android.intent.action.VIEW" />
91-->src\main\AndroidManifest.xml:50:17-69
91-->src\main\AndroidManifest.xml:50:25-66
92
93                <category android:name="android.intent.category.DEFAULT" />
93-->src\main\AndroidManifest.xml:51:17-76
93-->src\main\AndroidManifest.xml:51:27-73
94                <category android:name="android.intent.category.BROWSABLE" />
94-->src\main\AndroidManifest.xml:52:17-78
94-->src\main\AndroidManifest.xml:52:27-75
95
96                <data
96-->src\main\AndroidManifest.xml:53:17-95
97                    android:host="sociodotabuleiro.com"
97-->src\main\AndroidManifest.xml:53:57-92
98                    android:scheme="sociodotabuleiro" />
98-->src\main\AndroidManifest.xml:53:23-56
99            </intent-filter>
100        </activity>
101
102        <!--
103             Don't delete the meta-data below.
104             This is used by the Flutter tool to generate GeneratedPluginRegistrant.java
105        -->
106        <meta-data
106-->src\main\AndroidManifest.xml:60:9-62:33
107            android:name="flutterEmbedding"
107-->src\main\AndroidManifest.xml:61:13-44
108            android:value="2" />
108-->src\main\AndroidManifest.xml:62:13-30
109
110        <service
110-->[:cloud_firestore] AndroidManifest.xml:10:9-14:19
111            android:name="com.google.firebase.components.ComponentDiscoveryService"
111-->[:cloud_firestore] AndroidManifest.xml:10:18-89
112            android:directBootAware="true"
112-->[com.google.firebase:firebase-common:21.0.0] AndroidManifest.xml:32:13-43
113            android:exported="false" >
113-->[com.google.firebase:firebase-crashlytics:19.1.0] AndroidManifest.xml:14:13-37
114            <meta-data
114-->[:cloud_firestore] AndroidManifest.xml:11:13-13:85
115                android:name="com.google.firebase.components:io.flutter.plugins.firebase.firestore.FlutterFirebaseFirestoreRegistrar"
115-->[:cloud_firestore] AndroidManifest.xml:12:17-134
116                android:value="com.google.firebase.components.ComponentRegistrar" />
116-->[:cloud_firestore] AndroidManifest.xml:13:17-82
117            <meta-data
117-->[:cloud_functions] AndroidManifest.xml:11:13-13:85
118                android:name="com.google.firebase.components:io.flutter.plugins.firebase.functions.FlutterFirebaseAppRegistrar"
118-->[:cloud_functions] AndroidManifest.xml:12:17-128
119                android:value="com.google.firebase.components.ComponentRegistrar" />
119-->[:cloud_functions] AndroidManifest.xml:13:17-82
120            <meta-data
120-->[:firebase_analytics] AndroidManifest.xml:15:13-17:85
121                android:name="com.google.firebase.components:io.flutter.plugins.firebase.analytics.FlutterFirebaseAppRegistrar"
121-->[:firebase_analytics] AndroidManifest.xml:16:17-128
122                android:value="com.google.firebase.components.ComponentRegistrar" />
122-->[:firebase_analytics] AndroidManifest.xml:17:17-82
123            <meta-data
123-->[:firebase_auth] AndroidManifest.xml:11:13-13:85
124                android:name="com.google.firebase.components:io.flutter.plugins.firebase.auth.FlutterFirebaseAuthRegistrar"
124-->[:firebase_auth] AndroidManifest.xml:12:17-124
125                android:value="com.google.firebase.components.ComponentRegistrar" />
125-->[:firebase_auth] AndroidManifest.xml:13:17-82
126            <meta-data
126-->[:firebase_crashlytics] AndroidManifest.xml:11:13-13:85
127                android:name="com.google.firebase.components:io.flutter.plugins.firebase.crashlytics.FlutterFirebaseAppRegistrar"
127-->[:firebase_crashlytics] AndroidManifest.xml:12:17-130
128                android:value="com.google.firebase.components.ComponentRegistrar" />
128-->[:firebase_crashlytics] AndroidManifest.xml:13:17-82
129            <meta-data
129-->[:firebase_messaging] AndroidManifest.xml:38:13-40:85
130                android:name="com.google.firebase.components:io.flutter.plugins.firebase.messaging.FlutterFirebaseAppRegistrar"
130-->[:firebase_messaging] AndroidManifest.xml:39:17-128
131                android:value="com.google.firebase.components.ComponentRegistrar" />
131-->[:firebase_messaging] AndroidManifest.xml:40:17-82
132            <meta-data
132-->[:firebase_performance] AndroidManifest.xml:13:13-15:85
133                android:name="com.google.firebase.components:io.flutter.plugins.firebase.performance.FlutterFirebaseAppRegistrar"
133-->[:firebase_performance] AndroidManifest.xml:14:17-130
134                android:value="com.google.firebase.components.ComponentRegistrar" />
134-->[:firebase_performance] AndroidManifest.xml:15:17-82
135            <meta-data
135-->[:firebase_storage] AndroidManifest.xml:11:13-13:85
136                android:name="com.google.firebase.components:io.flutter.plugins.firebase.storage.FlutterFirebaseAppRegistrar"
136-->[:firebase_storage] AndroidManifest.xml:12:17-126
137                android:value="com.google.firebase.components.ComponentRegistrar" />
137-->[:firebase_storage] AndroidManifest.xml:13:17-82
138            <meta-data
138-->[:firebase_core] AndroidManifest.xml:11:13-13:85
139                android:name="com.google.firebase.components:io.flutter.plugins.firebase.core.FlutterFirebaseCoreRegistrar"
139-->[:firebase_core] AndroidManifest.xml:12:17-124
140                android:value="com.google.firebase.components.ComponentRegistrar" />
140-->[:firebase_core] AndroidManifest.xml:13:17-82
141            <meta-data
141-->[com.google.firebase:firebase-crashlytics:19.1.0] AndroidManifest.xml:15:13-17:85
142                android:name="com.google.firebase.components:com.google.firebase.crashlytics.FirebaseCrashlyticsKtxRegistrar"
142-->[com.google.firebase:firebase-crashlytics:19.1.0] AndroidManifest.xml:16:17-126
143                android:value="com.google.firebase.components.ComponentRegistrar" />
143-->[com.google.firebase:firebase-crashlytics:19.1.0] AndroidManifest.xml:17:17-82
144            <meta-data
144-->[com.google.firebase:firebase-crashlytics:19.1.0] AndroidManifest.xml:18:13-20:85
145                android:name="com.google.firebase.components:com.google.firebase.crashlytics.CrashlyticsRegistrar"
145-->[com.google.firebase:firebase-crashlytics:19.1.0] AndroidManifest.xml:19:17-115
146                android:value="com.google.firebase.components.ComponentRegistrar" />
146-->[com.google.firebase:firebase-crashlytics:19.1.0] AndroidManifest.xml:20:17-82
147            <meta-data
147-->[com.google.firebase:firebase-perf:21.0.1] AndroidManifest.xml:14:13-16:85
148                android:name="com.google.firebase.components:com.google.firebase.perf.FirebasePerfKtxRegistrar"
148-->[com.google.firebase:firebase-perf:21.0.1] AndroidManifest.xml:15:17-112
149                android:value="com.google.firebase.components.ComponentRegistrar" />
149-->[com.google.firebase:firebase-perf:21.0.1] AndroidManifest.xml:16:17-82
150            <meta-data
150-->[com.google.firebase:firebase-perf:21.0.1] AndroidManifest.xml:17:13-19:85
151                android:name="com.google.firebase.components:com.google.firebase.perf.FirebasePerfRegistrar"
151-->[com.google.firebase:firebase-perf:21.0.1] AndroidManifest.xml:18:17-109
152                android:value="com.google.firebase.components.ComponentRegistrar" />
152-->[com.google.firebase:firebase-perf:21.0.1] AndroidManifest.xml:19:17-82
153            <meta-data
153-->[com.google.firebase:firebase-functions:21.0.0] AndroidManifest.xml:15:13-17:85
154                android:name="com.google.firebase.components:com.google.firebase.functions.FirebaseFunctionsKtxRegistrar"
154-->[com.google.firebase:firebase-functions:21.0.0] AndroidManifest.xml:16:17-122
155                android:value="com.google.firebase.components.ComponentRegistrar" />
155-->[com.google.firebase:firebase-functions:21.0.0] AndroidManifest.xml:17:17-82
156            <meta-data
156-->[com.google.firebase:firebase-functions:21.0.0] AndroidManifest.xml:18:13-20:85
157                android:name="com.google.firebase.components:com.google.firebase.functions.FunctionsRegistrar"
157-->[com.google.firebase:firebase-functions:21.0.0] AndroidManifest.xml:19:17-111
158                android:value="com.google.firebase.components.ComponentRegistrar" />
158-->[com.google.firebase:firebase-functions:21.0.0] AndroidManifest.xml:20:17-82
159            <meta-data
159-->[com.google.firebase:firebase-auth:23.0.0] AndroidManifest.xml:69:13-71:85
160                android:name="com.google.firebase.components:com.google.firebase.auth.FirebaseAuthRegistrar"
160-->[com.google.firebase:firebase-auth:23.0.0] AndroidManifest.xml:70:17-109
161                android:value="com.google.firebase.components.ComponentRegistrar" />
161-->[com.google.firebase:firebase-auth:23.0.0] AndroidManifest.xml:71:17-82
162            <meta-data
162-->[com.google.firebase:firebase-firestore:25.1.0] AndroidManifest.xml:17:13-19:85
163                android:name="com.google.firebase.components:com.google.firebase.firestore.FirebaseFirestoreKtxRegistrar"
163-->[com.google.firebase:firebase-firestore:25.1.0] AndroidManifest.xml:18:17-122
164                android:value="com.google.firebase.components.ComponentRegistrar" />
164-->[com.google.firebase:firebase-firestore:25.1.0] AndroidManifest.xml:19:17-82
165            <meta-data
165-->[com.google.firebase:firebase-firestore:25.1.0] AndroidManifest.xml:20:13-22:85
166                android:name="com.google.firebase.components:com.google.firebase.firestore.FirestoreRegistrar"
166-->[com.google.firebase:firebase-firestore:25.1.0] AndroidManifest.xml:21:17-111
167                android:value="com.google.firebase.components.ComponentRegistrar" />
167-->[com.google.firebase:firebase-firestore:25.1.0] AndroidManifest.xml:22:17-82
168            <meta-data
168-->[com.google.firebase:firebase-messaging:24.0.1] AndroidManifest.xml:57:13-59:85
169                android:name="com.google.firebase.components:com.google.firebase.messaging.FirebaseMessagingKtxRegistrar"
169-->[com.google.firebase:firebase-messaging:24.0.1] AndroidManifest.xml:58:17-122
170                android:value="com.google.firebase.components.ComponentRegistrar" />
170-->[com.google.firebase:firebase-messaging:24.0.1] AndroidManifest.xml:59:17-82
171            <meta-data
171-->[com.google.firebase:firebase-messaging:24.0.1] AndroidManifest.xml:60:13-62:85
172                android:name="com.google.firebase.components:com.google.firebase.messaging.FirebaseMessagingRegistrar"
172-->[com.google.firebase:firebase-messaging:24.0.1] AndroidManifest.xml:61:17-119
173                android:value="com.google.firebase.components.ComponentRegistrar" />
173-->[com.google.firebase:firebase-messaging:24.0.1] AndroidManifest.xml:62:17-82
174            <meta-data
174-->[com.google.firebase:firebase-storage:21.0.0] AndroidManifest.xml:30:13-32:85
175                android:name="com.google.firebase.components:com.google.firebase.storage.FirebaseStorageKtxRegistrar"
175-->[com.google.firebase:firebase-storage:21.0.0] AndroidManifest.xml:31:17-118
176                android:value="com.google.firebase.components.ComponentRegistrar" />
176-->[com.google.firebase:firebase-storage:21.0.0] AndroidManifest.xml:32:17-82
177            <meta-data
177-->[com.google.firebase:firebase-storage:21.0.0] AndroidManifest.xml:33:13-35:85
178                android:name="com.google.firebase.components:com.google.firebase.storage.StorageRegistrar"
178-->[com.google.firebase:firebase-storage:21.0.0] AndroidManifest.xml:34:17-107
179                android:value="com.google.firebase.components.ComponentRegistrar" />
179-->[com.google.firebase:firebase-storage:21.0.0] AndroidManifest.xml:35:17-82
180            <meta-data
180-->[com.google.firebase:firebase-config:22.0.0] AndroidManifest.xml:29:13-31:85
181                android:name="com.google.firebase.components:com.google.firebase.remoteconfig.FirebaseRemoteConfigKtxRegistrar"
181-->[com.google.firebase:firebase-config:22.0.0] AndroidManifest.xml:30:17-128
182                android:value="com.google.firebase.components.ComponentRegistrar" />
182-->[com.google.firebase:firebase-config:22.0.0] AndroidManifest.xml:31:17-82
183            <meta-data
183-->[com.google.firebase:firebase-config:22.0.0] AndroidManifest.xml:32:13-34:85
184                android:name="com.google.firebase.components:com.google.firebase.remoteconfig.RemoteConfigRegistrar"
184-->[com.google.firebase:firebase-config:22.0.0] AndroidManifest.xml:33:17-117
185                android:value="com.google.firebase.components.ComponentRegistrar" />
185-->[com.google.firebase:firebase-config:22.0.0] AndroidManifest.xml:34:17-82
186            <meta-data
186-->[com.google.firebase:firebase-iid:21.1.0] AndroidManifest.xml:32:13-34:85
187                android:name="com.google.firebase.components:com.google.firebase.iid.Registrar"
187-->[com.google.firebase:firebase-iid:21.1.0] AndroidManifest.xml:33:17-96
188                android:value="com.google.firebase.components.ComponentRegistrar" />
188-->[com.google.firebase:firebase-iid:21.1.0] AndroidManifest.xml:34:17-82
189            <meta-data
189-->[com.google.android.gms:play-services-measurement-api:22.1.0] AndroidManifest.xml:37:13-39:85
190                android:name="com.google.firebase.components:com.google.firebase.analytics.connector.internal.AnalyticsConnectorRegistrar"
190-->[com.google.android.gms:play-services-measurement-api:22.1.0] AndroidManifest.xml:38:17-139
191                android:value="com.google.firebase.components.ComponentRegistrar" />
191-->[com.google.android.gms:play-services-measurement-api:22.1.0] AndroidManifest.xml:39:17-82
192            <meta-data
192-->[com.google.firebase:firebase-sessions:2.0.4] AndroidManifest.xml:29:13-31:85
193                android:name="com.google.firebase.components:com.google.firebase.sessions.FirebaseSessionsRegistrar"
193-->[com.google.firebase:firebase-sessions:2.0.4] AndroidManifest.xml:30:17-117
194                android:value="com.google.firebase.components.ComponentRegistrar" />
194-->[com.google.firebase:firebase-sessions:2.0.4] AndroidManifest.xml:31:17-82
195            <meta-data
195-->[com.google.firebase:firebase-installations:18.0.0] AndroidManifest.xml:15:13-17:85
196                android:name="com.google.firebase.components:com.google.firebase.installations.FirebaseInstallationsKtxRegistrar"
196-->[com.google.firebase:firebase-installations:18.0.0] AndroidManifest.xml:16:17-130
197                android:value="com.google.firebase.components.ComponentRegistrar" />
197-->[com.google.firebase:firebase-installations:18.0.0] AndroidManifest.xml:17:17-82
198            <meta-data
198-->[com.google.firebase:firebase-installations:18.0.0] AndroidManifest.xml:18:13-20:85
199                android:name="com.google.firebase.components:com.google.firebase.installations.FirebaseInstallationsRegistrar"
199-->[com.google.firebase:firebase-installations:18.0.0] AndroidManifest.xml:19:17-127
200                android:value="com.google.firebase.components.ComponentRegistrar" />
200-->[com.google.firebase:firebase-installations:18.0.0] AndroidManifest.xml:20:17-82
201            <meta-data
201-->[com.google.firebase:firebase-appcheck:18.0.0] AndroidManifest.xml:25:13-27:85
202                android:name="com.google.firebase.components:com.google.firebase.appcheck.FirebaseAppCheckKtxRegistrar"
202-->[com.google.firebase:firebase-appcheck:18.0.0] AndroidManifest.xml:26:17-120
203                android:value="com.google.firebase.components.ComponentRegistrar" />
203-->[com.google.firebase:firebase-appcheck:18.0.0] AndroidManifest.xml:27:17-82
204            <meta-data
204-->[com.google.firebase:firebase-appcheck:18.0.0] AndroidManifest.xml:28:13-30:85
205                android:name="com.google.firebase.components:com.google.firebase.appcheck.FirebaseAppCheckRegistrar"
205-->[com.google.firebase:firebase-appcheck:18.0.0] AndroidManifest.xml:29:17-117
206                android:value="com.google.firebase.components.ComponentRegistrar" />
206-->[com.google.firebase:firebase-appcheck:18.0.0] AndroidManifest.xml:30:17-82
207            <meta-data
207-->[com.google.firebase:firebase-common-ktx:21.0.0] AndroidManifest.xml:12:13-14:85
208                android:name="com.google.firebase.components:com.google.firebase.ktx.FirebaseCommonLegacyRegistrar"
208-->[com.google.firebase:firebase-common-ktx:21.0.0] AndroidManifest.xml:13:17-116
209                android:value="com.google.firebase.components.ComponentRegistrar" />
209-->[com.google.firebase:firebase-common-ktx:21.0.0] AndroidManifest.xml:14:17-82
210            <meta-data
210-->[com.google.firebase:firebase-datatransport:19.0.0] AndroidManifest.xml:25:13-27:85
211                android:name="com.google.firebase.components:com.google.firebase.datatransport.TransportRegistrar"
211-->[com.google.firebase:firebase-datatransport:19.0.0] AndroidManifest.xml:26:17-115
212                android:value="com.google.firebase.components.ComponentRegistrar" />
212-->[com.google.firebase:firebase-datatransport:19.0.0] AndroidManifest.xml:27:17-82
213            <meta-data
213-->[com.google.firebase:firebase-common:21.0.0] AndroidManifest.xml:35:13-37:85
214                android:name="com.google.firebase.components:com.google.firebase.FirebaseCommonKtxRegistrar"
214-->[com.google.firebase:firebase-common:21.0.0] AndroidManifest.xml:36:17-109
215                android:value="com.google.firebase.components.ComponentRegistrar" />
215-->[com.google.firebase:firebase-common:21.0.0] AndroidManifest.xml:37:17-82
216            <meta-data
216-->[com.google.firebase:firebase-abt:21.1.1] AndroidManifest.xml:12:13-14:85
217                android:name="com.google.firebase.components:com.google.firebase.abt.component.AbtRegistrar"
217-->[com.google.firebase:firebase-abt:21.1.1] AndroidManifest.xml:13:17-109
218                android:value="com.google.firebase.components.ComponentRegistrar" />
218-->[com.google.firebase:firebase-abt:21.1.1] AndroidManifest.xml:14:17-82
219        </service>
220        <service
220-->[:firebase_messaging] AndroidManifest.xml:16:9-19:72
221            android:name="io.flutter.plugins.firebase.messaging.FlutterFirebaseMessagingBackgroundService"
221-->[:firebase_messaging] AndroidManifest.xml:17:13-107
222            android:exported="false"
222-->[:firebase_messaging] AndroidManifest.xml:18:13-37
223            android:permission="android.permission.BIND_JOB_SERVICE" />
223-->[:firebase_messaging] AndroidManifest.xml:19:13-69
224        <service
224-->[:firebase_messaging] AndroidManifest.xml:20:9-26:19
225            android:name="io.flutter.plugins.firebase.messaging.FlutterFirebaseMessagingService"
225-->[:firebase_messaging] AndroidManifest.xml:21:13-97
226            android:exported="false" >
226-->[:firebase_messaging] AndroidManifest.xml:22:13-37
227            <intent-filter>
227-->[:firebase_messaging] AndroidManifest.xml:23:13-25:29
228                <action android:name="com.google.firebase.MESSAGING_EVENT" />
228-->[:firebase_messaging] AndroidManifest.xml:24:17-78
228-->[:firebase_messaging] AndroidManifest.xml:24:25-75
229            </intent-filter>
230        </service>
231
232        <receiver
232-->[:firebase_messaging] AndroidManifest.xml:28:9-35:20
233            android:name="io.flutter.plugins.firebase.messaging.FlutterFirebaseMessagingReceiver"
233-->[:firebase_messaging] AndroidManifest.xml:29:13-98
234            android:exported="true"
234-->[:firebase_messaging] AndroidManifest.xml:30:13-36
235            android:permission="com.google.android.c2dm.permission.SEND" >
235-->[:firebase_messaging] AndroidManifest.xml:31:13-73
236            <intent-filter>
236-->[:firebase_messaging] AndroidManifest.xml:32:13-34:29
237                <action android:name="com.google.android.c2dm.intent.RECEIVE" />
237-->[:firebase_messaging] AndroidManifest.xml:33:17-81
237-->[:firebase_messaging] AndroidManifest.xml:33:25-78
238            </intent-filter>
239        </receiver>
240
241        <provider
241-->[:firebase_messaging] AndroidManifest.xml:43:9-47:38
242            android:name="io.flutter.plugins.firebase.messaging.FlutterFirebaseMessagingInitProvider"
242-->[:firebase_messaging] AndroidManifest.xml:44:13-102
243            android:authorities="com.sociodotabuleiro.app.flutterfirebasemessaginginitprovider"
243-->[:firebase_messaging] AndroidManifest.xml:45:13-88
244            android:exported="false"
244-->[:firebase_messaging] AndroidManifest.xml:46:13-37
245            android:initOrder="99" />
245-->[:firebase_messaging] AndroidManifest.xml:47:13-35
246        <!--
247           Declares a provider which allows us to store files to share in
248           '.../caches/share_plus' and grant the receiving action access
249        -->
250        <provider
250-->[:share_plus] AndroidManifest.xml:15:9-23:20
251            android:name="dev.fluttercommunity.plus.share.ShareFileProvider"
251-->[:share_plus] AndroidManifest.xml:16:13-77
252            android:authorities="com.sociodotabuleiro.app.flutter.share_provider"
252-->[:share_plus] AndroidManifest.xml:17:13-74
253            android:exported="false"
253-->[:share_plus] AndroidManifest.xml:18:13-37
254            android:grantUriPermissions="true" >
254-->[:share_plus] AndroidManifest.xml:19:13-47
255            <meta-data
255-->[:share_plus] AndroidManifest.xml:20:13-22:68